[debug] [2017-10-14T10:07:08.391Z] ----------------------------------------------------------------------
[debug] [2017-10-14T10:07:08.395Z] Command:       C:\Program Files\nodejs\node.exe C:\Users\望\AppData\Roaming\npm\node_modules\firebase-tools\bin\firebase serve
[debug] [2017-10-14T10:07:08.396Z] CLI Version:   3.13.1
[debug] [2017-10-14T10:07:08.396Z] Platform:      win32
[debug] [2017-10-14T10:07:08.396Z] Node Version:  v6.11.4
[debug] [2017-10-14T10:07:08.397Z] Time:          Sat Oct 14 2017 19:07:08 GMT+0900 (東京 (標準時))
[debug] [2017-10-14T10:07:08.397Z] ----------------------------------------------------------------------
[debug] 
[debug] [2017-10-14T10:07:08.416Z] > command requires scopes: ["email","openid","https://www.googleapis.com/auth/cloudplatformprojects.readonly","https://www.googleapis.com/auth/firebase","https://www.googleapis.com/auth/cloud-platform"]
[debug] [2017-10-14T10:07:08.417Z] > authorizing via signed-in user
[debug] [2017-10-14T10:07:08.420Z] >>> HTTP REQUEST GET https://admin.firebase.com/v1/projects/memorability-a0c21  
 Sat Oct 14 2017 19:07:08 GMT+0900 (東京 (標準時))
[debug] [2017-10-14T10:07:15.535Z] <<< HTTP RESPONSE 200
[debug] [2017-10-14T10:07:15.536Z] >>> HTTP REQUEST GET https://admin.firebase.com/v1/database/memorability-a0c21/tokens  
 Sat Oct 14 2017 19:07:15 GMT+0900 (東京 (標準時))
[debug] [2017-10-14T10:07:16.459Z] <<< HTTP RESPONSE 200
[info] 
[info] === Serving from 'C:\Users\望\SkyDrive\ドキュメント\test_firebase'...
[info] 
[debug] [2017-10-14T10:07:16.466Z] >>> HTTP REQUEST GET https://cloudresourcemanager.googleapis.com/v1/projects/memorability-a0c21  
 Sat Oct 14 2017 19:07:16 GMT+0900 (東京 (標準時))
[debug] [2017-10-14T10:07:17.450Z] <<< HTTP RESPONSE 200
[debug] [2017-10-14T10:07:17.451Z] >>> HTTP REQUEST GET https://mobilesdk-pa.googleapis.com/v1/projects/355761335744/clients/_:getWebAppConfig  
 Sat Oct 14 2017 19:07:17 GMT+0900 (東京 (標準時))
[debug] [2017-10-14T10:07:18.357Z] <<< HTTP RESPONSE 200
[info] i  hosting: Serving hosting files from: public
[info] +  hosting: Local server: http://localhost:5000

